<?xml version="1.0" encoding="UTF-8"?>
<!-- Generated by org.testng.reporters.JUnitReportReporter -->
<testsuite name="frameworkdemo.logs" tests="2" time="18.897" ignored="0" failures="0" timestamp="20 Apr 2020 06:22:05 GMT" skipped="0" hostname="karthik-PC" errors="0">
  <testcase name="log1property" time="6.730" classname="frameworkdemo.logs"/>
  <testcase name="logproperty" time="12.167" classname="frameworkdemo.logs"/>
</testsuite> <!-- frameworkdemo.logs -->
