<?xml version="1.0" encoding="UTF-8"?>
<!-- Generated by org.testng.reporters.JUnitReportReporter -->
<testsuite name="frameworkdemo.Testcase1" tests="3" time="363.519" ignored="0" failures="0" timestamp="15 Apr 2020 09:42:40 GMT" skipped="0" hostname="karthik-PC" errors="0">
  <testcase name="test1" time="91.053" classname="frameworkdemo.Testcase1"/>
  <testcase name="test3" time="150.641" classname="frameworkdemo.Testcase1"/>
  <testcase name="test2" time="121.825" classname="frameworkdemo.Testcase1"/>
</testsuite> <!-- frameworkdemo.Testcase1 -->
