<?xml version="1.0" encoding="UTF-8"?>
<!-- Generated by org.testng.reporters.JUnitReportReporter -->
<testsuite name="frameworkdemo.readexcell" tests="4" time="0.156" ignored="0" failures="0" timestamp="30 Mar 2020 10:36:14 GMT" skipped="0" hostname="karthik-PC" errors="0">
  <testcase name="getexcelldata" time="0.021" classname="frameworkdemo.readexcell"/>
  <testcase name="readexcelldata" time="0.017" classname="frameworkdemo.readexcell"/>
  <testcase name="getexcell" time="0.018" classname="frameworkdemo.readexcell"/>
  <testcase name="readexcellfile" time="0.100" classname="frameworkdemo.readexcell"/>
</testsuite> <!-- frameworkdemo.readexcell -->
