<?xml version="1.0" encoding="UTF-8"?>
<!-- Generated by org.testng.reporters.JUnitReportReporter -->
<testsuite name="frameworkdemo.handlewindows" tests="7" time="144.359" ignored="0" failures="0" timestamp="17 Apr 2020 07:18:21 GMT" skipped="0" hostname="karthik-PC" errors="0">
  <testcase name="handlingwindow3" time="12.662" classname="frameworkdemo.handlewindows"/>
  <testcase name="handlingwindow6" time="22.563" classname="frameworkdemo.handlewindows"/>
  <testcase name="handlingwindow5" time="13.007" classname="frameworkdemo.handlewindows"/>
  <testcase name="handlingwindow4" time="13.652" classname="frameworkdemo.handlewindows"/>
  <testcase name="handlingwindow" time="25.064" classname="frameworkdemo.handlewindows"/>
  <testcase name="handlingwindow2" time="23.983" classname="frameworkdemo.handlewindows"/>
  <testcase name="handlingwindow7" time="33.428" classname="frameworkdemo.handlewindows"/>
</testsuite> <!-- frameworkdemo.handlewindows -->
