<?xml version="1.0" encoding="UTF-8"?>
<!-- Generated by org.testng.reporters.JUnitReportReporter -->
<testsuite name="frameworkdemo.writedata" tests="4" time="0.808" ignored="0" failures="0" timestamp="31 Mar 2020 02:14:13 GMT" skipped="0" hostname="karthik-PC" errors="0">
  <testcase name="writedatas" time="0.036" classname="frameworkdemo.writedata"/>
  <testcase name="excelldata1" time="0.078" classname="frameworkdemo.writedata"/>
  <testcase name="readwrite" time="0.031" classname="frameworkdemo.writedata"/>
  <testcase name="writeExcelldata" time="0.663" classname="frameworkdemo.writedata"/>
</testsuite> <!-- frameworkdemo.writedata -->
