<?xml version="1.0" encoding="UTF-8"?>
<!-- Generated by org.testng.reporters.JUnitReportReporter -->
<testsuite name="frameworkdemo.ojectrepository" tests="1" time="12.292" ignored="0" failures="0" timestamp="13 Apr 2020 16:26:43 GMT" skipped="0" hostname="karthik-PC" errors="0">
  <testcase name="readojects" time="12.292" classname="frameworkdemo.ojectrepository"/>
</testsuite> <!-- frameworkdemo.ojectrepository -->
