<?xml version="1.0" encoding="UTF-8"?>
<!-- Generated by org.testng.reporters.JUnitReportReporter -->
<testsuite name="frameworkdemo.phantomjs" tests="1" time="7.997" ignored="0" failures="0" timestamp="05 Apr 2020 14:54:34 GMT" skipped="0" hostname="karthik-PC" errors="0">
  <testcase name="headless" time="7.997" classname="frameworkdemo.phantomjs"/>
</testsuite> <!-- frameworkdemo.phantomjs -->
