<?xml version="1.0" encoding="UTF-8"?>
<!-- Generated by org.testng.reporters.JUnitReportReporter -->
<testsuite name="frameworkdemo.executefailedtest" tests="1" time="7.259" ignored="0" failures="0" timestamp="23 Apr 2020 12:52:11 GMT" skipped="0" hostname="karthik-PC" errors="0">
  <testcase name="failedtest" time="7.259" classname="frameworkdemo.executefailedtest"/>
</testsuite> <!-- frameworkdemo.executefailedtest -->
