<?xml version="1.0" encoding="UTF-8"?>
<!-- Generated by org.testng.reporters.JUnitReportReporter -->
<testsuite name="frameworkdemo.crossbowsertesting1" tests="3" time="28.340" ignored="0" failures="0" timestamp="17 Apr 2020 07:12:50 GMT" skipped="0" hostname="karthik-PC" errors="0">
  <testcase name="crossbrowser" time="4.233" classname="frameworkdemo.crossbowsertesting1"/>
  <testcase name="crossbrowser" time="8.487" classname="frameworkdemo.crossbowsertesting1"/>
  <testcase name="crossbrowser" time="15.620" classname="frameworkdemo.crossbowsertesting1"/>
</testsuite> <!-- frameworkdemo.crossbowsertesting1 -->
