<?xml version="1.0" encoding="UTF-8"?>
<!-- Generated by org.testng.reporters.JUnitReportReporter -->
<testsuite name="frameworkdemo.framesdemo" tests="1" time="6.959" ignored="0" failures="0" timestamp="07 Apr 2020 06:25:17 GMT" skipped="0" hostname="karthik-PC" errors="0">
  <testcase name="handlingframe4" time="6.959" classname="frameworkdemo.framesdemo"/>
</testsuite> <!-- frameworkdemo.framesdemo -->
