<?xml version="1.0" encoding="UTF-8"?>
<!-- Generated by org.testng.reporters.JUnitReportReporter -->
<testsuite name="frameworkdemo.headlessbrowser" tests="2" time="4.612" ignored="0" failures="0" timestamp="05 Apr 2020 13:54:14 GMT" skipped="0" hostname="karthik-PC" errors="0">
  <testcase name="checkbox" time="2.088" classname="frameworkdemo.headlessbrowser"/>
  <testcase name="headlessbrowser1" time="2.524" classname="frameworkdemo.headlessbrowser"/>
</testsuite> <!-- frameworkdemo.headlessbrowser -->
