<?xml version="1.0" encoding="UTF-8"?>
<!-- Generated by org.testng.reporters.JUnitReportReporter -->
<testsuite name="frameworkdemo.baseclass" tests="2" time="6.993" ignored="0" failures="0" timestamp="15 Apr 2020 10:18:17 GMT" skipped="0" hostname="karthik-PC" errors="0">
  <testcase name="test2" time="3.062" classname="frameworkdemo.baseclass"/>
  <testcase name="test1" time="3.931" classname="frameworkdemo.baseclass"/>
</testsuite> <!-- frameworkdemo.baseclass -->
