<?xml version="1.0" encoding="UTF-8"?>
<!-- Generated by org.testng.reporters.JUnitReportReporter -->
<testsuite name="frameworkdemo.autosuggestion" tests="1" time="10.779" ignored="0" failures="0" timestamp="09 Apr 2020 15:01:28 GMT" skipped="0" hostname="karthik-PC" errors="0">
  <testcase name="keyboardevent1" time="10.779" classname="frameworkdemo.autosuggestion"/>
</testsuite> <!-- frameworkdemo.autosuggestion -->
