<?xml version="1.0" encoding="UTF-8"?>
<!-- Generated by org.testng.reporters.JUnitReportReporter -->
<testsuite name="frameworkdemo.scrolldemo" tests="2" time="21.703" ignored="0" failures="0" timestamp="06 Apr 2020 09:36:53 GMT" skipped="0" hostname="karthik-PC" errors="0">
  <testcase name="scroll" time="9.116" classname="frameworkdemo.scrolldemo"/>
  <testcase name="scrollelement" time="12.587" classname="frameworkdemo.scrolldemo"/>
</testsuite> <!-- frameworkdemo.scrolldemo -->
