<?xml version="1.0" encoding="UTF-8"?>
<!-- Generated by org.testng.reporters.JUnitReportReporter -->
<testsuite name="frameworkdemo.propertyreader" tests="4" time="0.042" ignored="0" failures="0" timestamp="14 Apr 2020 03:55:56 GMT" skipped="0" hostname="karthik-PC" errors="0">
  <testcase name="readproperties" time="0.012" classname="frameworkdemo.propertyreader"/>
  <testcase name="getentryset" time="0.002" classname="frameworkdemo.propertyreader"/>
  <testcase name="getkeys" time="0.005" classname="frameworkdemo.propertyreader"/>
  <testcase name="getvalues" time="0.023" classname="frameworkdemo.propertyreader"/>
</testsuite> <!-- frameworkdemo.propertyreader -->
