<?xml version="1.0" encoding="UTF-8"?>
<!-- Generated by org.testng.reporters.JUnitReportReporter -->
<testsuite name="frameworkdemo.dropdown" tests="1" time="15.442" ignored="0" failures="0" timestamp="24 Mar 2020 04:22:22 GMT" skipped="0" hostname="karthik-PC" errors="0">
  <testcase name="dropdowndemo" time="15.442" classname="frameworkdemo.dropdown"/>
</testsuite> <!-- frameworkdemo.dropdown -->
