<?xml version="1.0" encoding="UTF-8"?>
<!-- Generated by org.testng.reporters.JUnitReportReporter -->
<testsuite name="frameworkdemo.TestCase2" tests="3" time="449.006" ignored="0" failures="0" timestamp="17 Apr 2020 07:18:21 GMT" skipped="0" hostname="karthik-PC" errors="0">
  <testcase name="test2" time="181.571" classname="frameworkdemo.TestCase2"/>
  <testcase name="test3" time="96.595" classname="frameworkdemo.TestCase2"/>
  <testcase name="test1" time="170.840" classname="frameworkdemo.TestCase2"/>
</testsuite> <!-- frameworkdemo.TestCase2 -->
