<?xml version="1.0" encoding="UTF-8"?>
<!-- Generated by org.testng.reporters.JUnitReportReporter -->
<testsuite name="frameworkdemo.sikuli" tests="1" time="40.026" ignored="0" failures="0" timestamp="09 Apr 2020 07:55:20 GMT" skipped="0" hostname="karthik-PC" errors="0">
  <testcase name="uploadingimage" time="40.026" classname="frameworkdemo.sikuli"/>
</testsuite> <!-- frameworkdemo.sikuli -->
