<?xml version="1.0" encoding="UTF-8"?>
<!-- Generated by org.testng.reporters.JUnitReportReporter -->
<testsuite name="frameworkdemo.crossbrowsertesting" tests="3" time="28.277" ignored="0" failures="0" timestamp="17 Apr 2020 06:51:47 GMT" skipped="0" hostname="karthik-PC" errors="0">
  <testcase name="crossbrowser" time="13.180" classname="frameworkdemo.crossbrowsertesting"/>
  <testcase name="crossbrowser" time="10.625" classname="frameworkdemo.crossbrowsertesting"/>
  <testcase name="crossbrowser" time="4.472" classname="frameworkdemo.crossbrowsertesting"/>
</testsuite> <!-- frameworkdemo.crossbrowsertesting -->
