<?xml version="1.0" encoding="UTF-8"?>
<!-- Generated by org.testng.reporters.JUnitReportReporter -->
<testsuite name="frameworkdemo.readdatausingpoi" tests="1" time="0.465" ignored="0" failures="0" timestamp="31 Mar 2020 08:48:42 GMT" skipped="0" hostname="karthik-PC" errors="0">
  <testcase name="readexcell1" time="0.465" classname="frameworkdemo.readdatausingpoi"/>
</testsuite> <!-- frameworkdemo.readdatausingpoi -->
