<?xml version="1.0" encoding="UTF-8"?>
<!-- Generated by org.testng.reporters.JUnitReportReporter -->
<testsuite name="frameworkdemo.phantomjsdemo" tests="1" time="9.691" ignored="0" failures="0" timestamp="06 Apr 2020 04:00:43 GMT" skipped="0" hostname="karthik-PC" errors="0">
  <testcase name="phantomjs" time="9.691" classname="frameworkdemo.phantomjsdemo"/>
</testsuite> <!-- frameworkdemo.phantomjsdemo -->
