<?xml version="1.0" encoding="UTF-8"?>
<!-- Generated by org.testng.reporters.JUnitReportReporter -->
<testsuite name="frameworkdemo.highlightelementdemo" tests="1" time="15.632" ignored="0" failures="0" timestamp="06 Apr 2020 08:33:52 GMT" skipped="0" hostname="karthik-PC" errors="0">
  <testcase name="highlightelement1" time="15.632" classname="frameworkdemo.highlightelementdemo"/>
</testsuite> <!-- frameworkdemo.highlightelementdemo -->
