<?xml version="1.0" encoding="UTF-8"?>
<!-- Generated by org.testng.reporters.JUnitReportReporter -->
<testsuite name="frameworkdemo.screenshotdemo" tests="1" time="14.928" ignored="0" failures="0" timestamp="22 Apr 2020 14:58:23 GMT" skipped="0" hostname="karthik-PC" errors="0">
  <testcase name="screenshot2" time="14.928" classname="frameworkdemo.screenshotdemo"/>
</testsuite> <!-- frameworkdemo.screenshotdemo -->
