<?xml version="1.0" encoding="UTF-8"?>
<!-- Generated by org.testng.reporters.JUnitReportReporter -->
<testsuite name="frameworkdemo.hiddenelementdemo" tests="2" time="15.454" ignored="0" failures="0" timestamp="06 Apr 2020 06:41:24 GMT" skipped="0" hostname="karthik-PC" errors="0">
  <testcase name="hiddenElement1" time="7.282" classname="frameworkdemo.hiddenelementdemo"/>
  <testcase name="hiddenElement" time="8.172" classname="frameworkdemo.hiddenelementdemo"/>
</testsuite> <!-- frameworkdemo.hiddenelementdemo -->
