<?xml version="1.0" encoding="UTF-8"?>
<!-- Generated by org.testng.reporters.JUnitReportReporter -->
<testsuite name="frameworkdemo.testunner" tests="1" time="15.062" ignored="0" failures="0" timestamp="22 Apr 2020 14:58:23 GMT" skipped="0" hostname="karthik-PC" errors="0">
  <testcase name="runners" time="15.062" classname="frameworkdemo.testunner"/>
</testsuite> <!-- frameworkdemo.testunner -->
