<?xml version="1.0" encoding="UTF-8"?>
<!-- Generated by org.testng.reporters.JUnitReportReporter -->
<testsuite name="frameworkdemo.brokenlinks1" tests="2" time="1018.376" ignored="0" failures="0" timestamp="01 Apr 2020 03:52:18 GMT" skipped="0" hostname="karthik-PC" errors="0">
  <testcase name="handlebrokenlinks" time="500.743" classname="frameworkdemo.brokenlinks1"/>
  <testcase name="handlebrokenlinks1" time="517.633" classname="frameworkdemo.brokenlinks1"/>
</testsuite> <!-- frameworkdemo.brokenlinks1 -->
