<?xml version="1.0" encoding="UTF-8"?>
<!-- Generated by org.testng.reporters.JUnitReportReporter -->
<testsuite name="frameworkdemo.readproperties1" tests="1" time="35.238" ignored="0" failures="0" timestamp="14 Apr 2020 10:57:08 GMT" skipped="0" hostname="karthik-PC" errors="0">
  <testcase name="readconfigproperty" time="35.238" classname="frameworkdemo.readproperties1"/>
</testsuite> <!-- frameworkdemo.readproperties1 -->
