<?xml version="1.0" encoding="UTF-8"?>
<!-- Generated by org.testng.reporters.JUnitReportReporter -->
<testsuite name="frameworkdemo.dropdownprogram" tests="3" time="72.252" ignored="0" failures="0" timestamp="17 Apr 2020 07:18:21 GMT" skipped="0" hostname="karthik-PC" errors="0">
  <testcase name="validatingdropdown" time="25.439" classname="frameworkdemo.dropdownprogram"/>
  <testcase name="dropdown1" time="36.273" classname="frameworkdemo.dropdownprogram"/>
  <testcase name="dropdownlist" time="10.540" classname="frameworkdemo.dropdownprogram"/>
</testsuite> <!-- frameworkdemo.dropdownprogram -->
