<?xml version="1.0" encoding="UTF-8"?>
<!-- Generated by org.testng.reporters.JUnitReportReporter -->
<testsuite name="frameworkdemo.readproperties" tests="4" time="0.016" ignored="0" failures="0" timestamp="13 Apr 2020 15:15:12 GMT" skipped="0" hostname="karthik-PC" errors="0">
  <testcase name="readconfig" time="0.010" classname="frameworkdemo.readproperties"/>
  <testcase name="readsetofentries" time="0.002" classname="frameworkdemo.readproperties"/>
  <testcase name="getKeys" time="0.002" classname="frameworkdemo.readproperties"/>
  <testcase name="getvalues" time="0.002" classname="frameworkdemo.readproperties"/>
</testsuite> <!-- frameworkdemo.readproperties -->
