<?xml version="1.0" encoding="UTF-8"?>
<!-- Generated by org.testng.reporters.JUnitReportReporter -->
<testsuite name="frameworkdemo.datadrivenframework" tests="1" time="0.000" ignored="0" failures="0" timestamp="31 Mar 2020 09:41:31 GMT" skipped="1" hostname="karthik-PC" errors="0">
  <testcase name="datadriven" time="0.000" classname="frameworkdemo.datadrivenframework">
    <skipped/>
  </testcase> <!-- datadriven -->
</testsuite> <!-- frameworkdemo.datadrivenframework -->
