<?xml version="1.0" encoding="UTF-8"?>
<!-- Generated by org.testng.reporters.JUnitReportReporter -->
<testsuite name="frameworkdemo.testcases2" tests="1" time="0.001" ignored="0" failures="0" timestamp="22 Apr 2020 14:50:03 GMT" skipped="0" hostname="karthik-PC" errors="0">
  <testcase name="facebook" time="0.001" classname="frameworkdemo.testcases2"/>
</testsuite> <!-- frameworkdemo.testcases2 -->
