<?xml version="1.0" encoding="UTF-8"?>
<!-- Generated by org.testng.reporters.JUnitReportReporter -->
<testsuite name="frameworkdemo.uploadfiles" tests="1" time="0.316" ignored="0" failures="0" timestamp="22 Apr 2020 14:24:36 GMT" skipped="0" hostname="karthik-PC" errors="0">
  <testcase name="getscreenshot" time="0.316" classname="frameworkdemo.uploadfiles"/>
</testsuite> <!-- frameworkdemo.uploadfiles -->
