<?xml version="1.0" encoding="UTF-8"?>
<!-- Generated by org.testng.reporters.JUnitReportReporter -->
<testsuite name="frameworkdemo.login1" tests="1" time="8.768" ignored="0" failures="0" timestamp="23 Apr 2020 12:39:05 GMT" skipped="0" hostname="karthik-PC" errors="0">
  <testcase name="test1" time="8.768" classname="frameworkdemo.login1"/>
</testsuite> <!-- frameworkdemo.login1 -->
