<?xml version="1.0" encoding="UTF-8"?>
<!-- Generated by org.testng.reporters.JUnitReportReporter -->
<testsuite name="frameworkdemo.propertyreader1" tests="1" time="33.518" ignored="0" failures="0" timestamp="14 Apr 2020 10:20:43 GMT" skipped="0" hostname="karthik-PC" errors="0">
  <testcase name="readproperty" time="33.518" classname="frameworkdemo.propertyreader1"/>
</testsuite> <!-- frameworkdemo.propertyreader1 -->
