<?xml version="1.0" encoding="UTF-8"?>
<!-- Generated by org.testng.reporters.JUnitReportReporter -->
<testsuite name="frameworkdemo.bootstraplogindemo" tests="1" time="9.909" ignored="0" failures="0" timestamp="06 Apr 2020 06:12:35 GMT" skipped="0" hostname="karthik-PC" errors="0">
  <testcase name="bootstraplogin2" time="9.909" classname="frameworkdemo.bootstraplogindemo"/>
</testsuite> <!-- frameworkdemo.bootstraplogindemo -->
