<?xml version="1.0" encoding="UTF-8"?>
<!-- Generated by org.testng.reporters.JUnitReportReporter -->
<testsuite name="frameworkdemo.test" tests="2" time="6.927" ignored="0" failures="0" timestamp="17 Apr 2020 06:02:43 GMT" skipped="0" hostname="karthik-PC" errors="0">
  <testcase name="test1" time="5.890" classname="frameworkdemo.test"/>
  <testcase name="test2" time="1.037" classname="frameworkdemo.test"/>
</testsuite> <!-- frameworkdemo.test -->
