<?xml version="1.0" encoding="UTF-8"?>
<!-- Generated by org.testng.reporters.JUnitReportReporter -->
<testsuite name="com.login.test.logintest" tests="2" time="34.053" ignored="0" failures="0" timestamp="11 Apr 2020 08:06:30 GMT" skipped="0" hostname="karthik-PC" errors="0">
  <testcase name="orangehrmhomepage" time="19.057" classname="com.login.test.logintest"/>
  <testcase name="orangehrmlogin" time="14.996" classname="com.login.test.logintest"/>
</testsuite> <!-- com.login.test.logintest -->
