<?xml version="1.0" encoding="UTF-8"?>
<!-- Generated by org.testng.reporters.JUnitReportReporter -->
<testsuite name="frameworkdemo.baseclass1" tests="2" time="6.994" ignored="0" failures="0" timestamp="17 Apr 2020 05:52:12 GMT" skipped="0" hostname="karthik-PC" errors="0">
  <testcase name="test2" time="1.079" classname="frameworkdemo.baseclass1"/>
  <testcase name="test1" time="5.915" classname="frameworkdemo.baseclass1"/>
</testsuite> <!-- frameworkdemo.baseclass1 -->
