<?xml version="1.0" encoding="UTF-8"?>
<!-- Generated by org.testng.reporters.JUnitReportReporter -->
<testsuite name="frameworkdemo.writedata1" tests="1" time="8.028" ignored="0" failures="0" timestamp="07 Apr 2020 13:18:32 GMT" skipped="0" hostname="karthik-PC" errors="0">
  <testcase name="webtable" time="8.028" classname="frameworkdemo.writedata1"/>
</testsuite> <!-- frameworkdemo.writedata1 -->
