<?xml version="1.0" encoding="UTF-8"?>
<!-- Generated by org.testng.reporters.JUnitReportReporter -->
<testsuite name="frameworkdemo.suppresswarnings" tests="2" time="13.316" ignored="0" failures="0" timestamp="01 May 2020 12:30:19 GMT" skipped="0" hostname="karthik-PC" errors="0">
  <testcase name="warning1" time="6.878" classname="frameworkdemo.suppresswarnings"/>
  <testcase name="warning2" time="6.438" classname="frameworkdemo.suppresswarnings"/>
</testsuite> <!-- frameworkdemo.suppresswarnings -->
