<?xml version="1.0" encoding="UTF-8"?>
<!-- Generated by org.testng.reporters.JUnitReportReporter -->
<testsuite name="frameworkdemo.calendertable" tests="1" time="11.834" ignored="0" failures="0" timestamp="05 Apr 2020 13:49:33 GMT" skipped="0" hostname="karthik-PC" errors="0">
  <testcase name="webtable1" time="11.834" classname="frameworkdemo.calendertable"/>
</testsuite> <!-- frameworkdemo.calendertable -->
