<?xml version="1.0" encoding="UTF-8"?>
<!-- Generated by org.testng.reporters.JUnitReportReporter -->
<testsuite name="frameworkdemo.verifypagetitle" tests="1" time="24.958" ignored="0" failures="0" timestamp="01 May 2020 07:16:52 GMT" skipped="0" hostname="karthik-PC" errors="0">
  <testcase name="wait4" time="24.958" classname="frameworkdemo.verifypagetitle"/>
</testsuite> <!-- frameworkdemo.verifypagetitle -->
