<?xml version="1.0" encoding="UTF-8"?>
<!-- Generated by org.testng.reporters.JUnitReportReporter -->
<testsuite name="frameworkdemo.Action" tests="1" time="7.725" ignored="0" failures="0" timestamp="06 May 2020 10:39:07 GMT" skipped="0" hostname="karthik-PC" errors="0">
  <testcase name="keyboardevents2" time="7.725" classname="frameworkdemo.Action"/>
</testsuite> <!-- frameworkdemo.Action -->
