<?xml version="1.0" encoding="UTF-8"?>
<!-- Generated by org.testng.reporters.JUnitReportReporter -->
<testsuite name="frameworkdemo.login2" tests="1" time="8.467" ignored="0" failures="0" timestamp="23 Apr 2020 12:39:05 GMT" skipped="0" hostname="karthik-PC" errors="0">
  <testcase name="test2" time="8.467" classname="frameworkdemo.login2"/>
</testsuite> <!-- frameworkdemo.login2 -->
