<?xml version="1.0" encoding="UTF-8"?>
<!-- Generated by org.testng.reporters.JUnitReportReporter -->
<testsuite name="frameworkdemo.popup" tests="1" time="14.650" ignored="0" failures="0" timestamp="24 Mar 2020 17:48:43 GMT" skipped="0" hostname="karthik-PC" errors="0">
  <testcase name="handlewindow4" time="14.650" classname="frameworkdemo.popup"/>
</testsuite> <!-- frameworkdemo.popup -->
