<?xml version="1.0" encoding="UTF-8"?>
<!-- Generated by org.testng.reporters.JUnitReportReporter -->
<testsuite name="frameworkdemo.javascripts" tests="3" time="22.081" ignored="0" failures="0" timestamp="06 May 2020 12:34:33 GMT" skipped="0" hostname="karthik-PC" errors="0">
  <testcase name="javascript" time="6.441" classname="frameworkdemo.javascripts"/>
  <testcase name="javascript1" time="6.773" classname="frameworkdemo.javascripts"/>
  <testcase name="TypeEvent" time="8.867" classname="frameworkdemo.javascripts"/>
</testsuite> <!-- frameworkdemo.javascripts -->
