<?xml version="1.0" encoding="UTF-8"?>
<!-- Generated by org.testng.reporters.JUnitReportReporter -->
<testsuite name="frameworkdemo.testcases3" tests="1" time="0.000" ignored="0" failures="0" timestamp="22 Apr 2020 14:57:32 GMT" skipped="0" hostname="karthik-PC" errors="0">
  <testcase name="instagram" time="0.000" classname="frameworkdemo.testcases3"/>
</testsuite> <!-- frameworkdemo.testcases3 -->
