<?xml version="1.0" encoding="UTF-8"?>
<!-- Generated by org.testng.reporters.JUnitReportReporter -->
<testsuite name="frameworkdemo.Testcase1" tests="3" time="313.673" ignored="0" failures="0" timestamp="28 Apr 2020 06:08:04 GMT" skipped="0" hostname="karthik-PC" errors="0">
  <testcase name="test1" time="104.211" classname="frameworkdemo.Testcase1"/>
  <testcase name="test3" time="109.131" classname="frameworkdemo.Testcase1"/>
  <testcase name="test2" time="100.331" classname="frameworkdemo.Testcase1"/>
</testsuite> <!-- frameworkdemo.Testcase1 -->
